========== Message Begins ==========

Time : March 25, 2013, 12:52 pm
Message Type : Success
Message : Emails was sent to kartik.gondalia@inextrix.com using smtp

========== Message Ends ==========

========== Message Begins ==========

Time : March 28, 2013, 11:05 am
Message Type : Success
Message : Emails was sent to kartikgondalia@gmail.com using smtp

========== Message Ends ==========

========== Message Begins ==========

Time : May 24, 2013, 4:26 pm
Message Type : Failure
Message : Sending email failed to darshan.shukla@inextrix.com using smtp. Reason: Invalid email address

========== Message Ends ==========

========== Message Begins ==========

Time : May 31, 2013, 10:27 am
Message Type : Success
Message : Leave assignment email was sent to jugni1smile@gmail.com

========== Message Ends ==========

